<?xml version="1.0" encoding="UTF-8"?>
<!-- Generated by org.testng.reporters.JUnitReportReporter -->
<testsuite hostname="Taruns-MBP.lan" failures="0" tests="1" name="com.empirix.cloud.testcases.Login" time="71.985" errors="0" timestamp="2020-01-21T21:48:26 IST" skipped="0">
  <testcase classname="com.empirix.cloud.testcases.Login" name="Login" time="71.985"/>
  <system-out/>
</testsuite> <!-- com.empirix.cloud.testcases.Login -->
