<?xml version="1.0" encoding="UTF-8"?>
<!-- Generated by org.testng.reporters.JUnitReportReporter -->
<testsuite hostname="ip-192-168-10-84.ap-south-1.compute.internal" failures="0" tests="1" name="com.empirix.cloud.testcases.Login" time="37.721" errors="0" timestamp="2020-01-21T18:56:34 IST" skipped="0">
  <testcase classname="com.empirix.cloud.testcases.Login" name="Login" time="37.721"/>
  <system-out/>
</testsuite> <!-- com.empirix.cloud.testcases.Login -->
