<?xml version="1.0" encoding="UTF-8"?>
<!-- Generated by org.testng.reporters.JUnitReportReporter -->
<testsuite hostname="Taruns-MacBook-Pro.local" failures="0" tests="1" name="com.empirix.cloud.testcases.Login" time="37.005" errors="0" timestamp="2020-01-21T23:30:41 IST" skipped="0">
  <testcase classname="com.empirix.cloud.testcases.Login" name="verifyLogin" time="37.005"/>
  <system-out/>
</testsuite> <!-- com.empirix.cloud.testcases.Login -->
